<?xml version="1.0" encoding="UTF-8"?>
<!-- Generated by org.testng.reporters.JUnitXMLReporter -->
<testsuite hostname="LAPTOP-7RFFBFF8" name="Test" tests="32" failures="15" timestamp="21 Aug 2022 13:03:11 GMT" time="21.212" errors="0">
  <testcase name="checkContentLength" time="0.006" classname="com.Employeeapitestcases.TC001_GET_ALL_Employes"/>
  <testcase name="checkContentType" time="0.003" classname="com.Employeeapitestcases.TC001_GET_ALL_Employes">
    <failure type="java.lang.AssertionError" message="expected [application/json] but found [text/html; charset=UTF-8]">
      <![CDATA[java.lang.AssertionError: expected [application/json] but found [text/html; charset=UTF-8]
	at com.Employeeapitestcases.TC001_GET_ALL_Employes.checkContentType(TC001_GET_ALL_Employes.java:78)
... Removed 30 stack frames]]>
    </failure>
  </testcase> <!-- checkContentType -->
  <testcase name="checkCookies" time="0.001" classname="com.Employeeapitestcases.TC001_GET_ALL_Employes"/>
  <testcase name="checkResponseBody" time="0.02" classname="com.Employeeapitestcases.TC001_GET_ALL_Employes"/>
  <testcase name="checkResponseTime" time="0.003" classname="com.Employeeapitestcases.TC001_GET_ALL_Employes"/>
  <testcase name="checkServerType" time="0.001" classname="com.Employeeapitestcases.TC001_GET_ALL_Employes"/>
  <testcase name="checkStatusCode" time="0.001" classname="com.Employeeapitestcases.TC001_GET_ALL_Employes">
    <failure type="java.lang.AssertionError" message="expected [200] but found [429]">
      <![CDATA[java.lang.AssertionError: expected [200] but found [429]
	at com.Employeeapitestcases.TC001_GET_ALL_Employes.checkStatusCode(TC001_GET_ALL_Employes.java:42)
... Removed 30 stack frames]]>
    </failure>
  </testcase> <!-- checkStatusCode -->
  <testcase name="checkStatusLine" time="0.001" classname="com.Employeeapitestcases.TC001_GET_ALL_Employes">
    <failure type="java.lang.AssertionError" message="expected [HTTP/1.1 200 OK] but found [HTTP/1.1 429 Too Many Requests]">
      <![CDATA[java.lang.AssertionError: expected [HTTP/1.1 200 OK] but found [HTTP/1.1 429 Too Many Requests]
	at com.Employeeapitestcases.TC001_GET_ALL_Employes.checkStatusLine(TC001_GET_ALL_Employes.java:67)
... Removed 30 stack frames]]>
    </failure>
  </testcase> <!-- checkStatusLine -->
  <testcase name="checkcontentEncoding" time="0.002" classname="com.Employeeapitestcases.TC001_GET_ALL_Employes"/>
  <testcase name="checkContentType" time="0.001" classname="com.Employeeapitestcases.TC005_Delete_Employee_Record">
    <failure type="java.lang.AssertionError" message="expected [application/xml] but found [application/json]">
      <![CDATA[java.lang.AssertionError: expected [application/xml] but found [application/json]
	at com.Employeeapitestcases.TC005_Delete_Employee_Record.checkContentType(TC005_Delete_Employee_Record.java:67)
... Removed 30 stack frames]]>
    </failure>
  </testcase> <!-- checkContentType -->
  <testcase name="checkResponseBody" time="0.002" classname="com.Employeeapitestcases.TC005_Delete_Employee_Record">
    <failure type="java.lang.AssertionError" message="expected [true] but found [false]">
      <![CDATA[java.lang.AssertionError: expected [true] but found [false]
	at com.Employeeapitestcases.TC005_Delete_Employee_Record.checkResponseBody(TC005_Delete_Employee_Record.java:45)
... Removed 30 stack frames]]>
    </failure>
  </testcase> <!-- checkResponseBody -->
  <testcase name="checkStatusCode" time="0.0" classname="com.Employeeapitestcases.TC005_Delete_Employee_Record"/>
  <testcase name="checkStatusLine" time="0.001" classname="com.Employeeapitestcases.TC005_Delete_Employee_Record">
    <failure type="java.lang.AssertionError" message="expected [HTTP/1.1 200 ] but found [HTTP/1.1 200 OK]">
      <![CDATA[java.lang.AssertionError: expected [HTTP/1.1 200 ] but found [HTTP/1.1 200 OK]
	at com.Employeeapitestcases.TC005_Delete_Employee_Record.checkStatusLine(TC005_Delete_Employee_Record.java:59)
... Removed 30 stack frames]]>
    </failure>
  </testcase> <!-- checkStatusLine -->
  <testcase name="checkcontentlength" time="0.001" classname="com.Employeeapitestcases.TC005_Delete_Employee_Record">
    <failure type="java.lang.AssertionError" message="expected [41] but found [631]">
      <![CDATA[java.lang.AssertionError: expected [41] but found [631]
	at com.Employeeapitestcases.TC005_Delete_Employee_Record.checkcontentlength(TC005_Delete_Employee_Record.java:82)
... Removed 30 stack frames]]>
    </failure>
  </testcase> <!-- checkcontentlength -->
  <testcase name="checkContentType" time="0.001" classname="com.Employeeapitestcases.TC004_Put_Employee_Record"/>
  <testcase name="checkResponseBody" time="0.003" classname="com.Employeeapitestcases.TC004_Put_Employee_Record">
    <failure type="java.lang.AssertionError" message="expected [true] but found [false]">
      <![CDATA[java.lang.AssertionError: expected [true] but found [false]
	at com.Employeeapitestcases.TC004_Put_Employee_Record.checkResponseBody(TC004_Put_Employee_Record.java:55)
... Removed 30 stack frames]]>
    </failure>
  </testcase> <!-- checkResponseBody -->
  <testcase name="checkServerType" time="0.001" classname="com.Employeeapitestcases.TC004_Put_Employee_Record"/>
  <testcase name="checkStatusCode" time="0.0" classname="com.Employeeapitestcases.TC004_Put_Employee_Record"/>
  <testcase name="checkStatusLine" time="0.001" classname="com.Employeeapitestcases.TC004_Put_Employee_Record"/>
  <testcase name="checkcontentEncoding" time="0.0" classname="com.Employeeapitestcases.TC004_Put_Employee_Record">
    <failure type="java.lang.AssertionError" message="expected [gzip] but found [null]">
      <![CDATA[java.lang.AssertionError: expected [gzip] but found [null]
	at com.Employeeapitestcases.TC004_Put_Employee_Record.checkcontentEncoding(TC004_Put_Employee_Record.java:94)
... Removed 30 stack frames]]>
    </failure>
  </testcase> <!-- checkcontentEncoding -->
  <testcase name="checkContentType" time="0.001" classname="com.Employeeapitestcases.TC003_Post_Employee"/>
  <testcase name="checkResponseBody" time="0.0" classname="com.Employeeapitestcases.TC003_Post_Employee">
    <failure type="java.lang.AssertionError" message="expected [true] but found [false]">
      <![CDATA[java.lang.AssertionError: expected [true] but found [false]
	at com.Employeeapitestcases.TC003_Post_Employee.checkResponseBody(TC003_Post_Employee.java:56)
... Removed 30 stack frames]]>
    </failure>
  </testcase> <!-- checkResponseBody -->
  <testcase name="checkServerType" time="0.0" classname="com.Employeeapitestcases.TC003_Post_Employee"/>
  <testcase name="checkStatusCode" time="0.0" classname="com.Employeeapitestcases.TC003_Post_Employee"/>
  <testcase name="checkStatusLine" time="0.001" classname="com.Employeeapitestcases.TC003_Post_Employee"/>
  <testcase name="checkcontentEncoding" time="0.001" classname="com.Employeeapitestcases.TC003_Post_Employee">
    <failure type="java.lang.AssertionError" message="expected [gzip] but found [null]">
      <![CDATA[java.lang.AssertionError: expected [gzip] but found [null]
	at com.Employeeapitestcases.TC003_Post_Employee.checkcontentEncoding(TC003_Post_Employee.java:95)
... Removed 30 stack frames]]>
    </failure>
  </testcase> <!-- checkcontentEncoding -->
  <testcase name="checkContentLength" time="0.0" classname="com.Employeeapitestcases.TC002_Get_Single_Employees_Records"/>
  <testcase name="checkContentType" time="0.0" classname="com.Employeeapitestcases.TC002_Get_Single_Employees_Records">
    <failure type="java.lang.AssertionError" message="expected [application/json] but found [text/html; charset=UTF-8]">
      <![CDATA[java.lang.AssertionError: expected [application/json] but found [text/html; charset=UTF-8]
	at com.Employeeapitestcases.TC002_Get_Single_Employees_Records.checkContentType(TC002_Get_Single_Employees_Records.java:67)
... Removed 30 stack frames]]>
    </failure>
  </testcase> <!-- checkContentType -->
  <testcase name="checkResponseBody" time="0.002" classname="com.Employeeapitestcases.TC002_Get_Single_Employees_Records">
    <failure type="java.lang.AssertionError" message="expected [true] but found [false]">
      <![CDATA[java.lang.AssertionError: expected [true] but found [false]
	at com.Employeeapitestcases.TC002_Get_Single_Employees_Records.checkResponseBody(TC002_Get_Single_Employees_Records.java:41)
... Removed 30 stack frames]]>
    </failure>
  </testcase> <!-- checkResponseBody -->
  <testcase name="checkServerType" time="0.001" classname="com.Employeeapitestcases.TC002_Get_Single_Employees_Records"/>
  <testcase name="checkStatusCode" time="0.001" classname="com.Employeeapitestcases.TC002_Get_Single_Employees_Records">
    <failure type="java.lang.AssertionError" message="expected [200] but found [429]">
      <![CDATA[java.lang.AssertionError: expected [200] but found [429]
	at com.Employeeapitestcases.TC002_Get_Single_Employees_Records.checkStatusCode(TC002_Get_Single_Employees_Records.java:48)
... Removed 30 stack frames]]>
    </failure>
  </testcase> <!-- checkStatusCode -->
  <testcase name="checkStatusLine" time="0.001" classname="com.Employeeapitestcases.TC002_Get_Single_Employees_Records">
    <failure type="java.lang.AssertionError" message="expected [HTTP/1.1 200 OK] but found [HTTP/1.1 429 Too Many Requests]">
      <![CDATA[java.lang.AssertionError: expected [HTTP/1.1 200 OK] but found [HTTP/1.1 429 Too Many Requests]
	at com.Employeeapitestcases.TC002_Get_Single_Employees_Records.checkStatusLine(TC002_Get_Single_Employees_Records.java:60)
... Removed 30 stack frames]]>
    </failure>
  </testcase> <!-- checkStatusLine -->
</testsuite> <!-- Test -->
